
Showing logs for build [32mzeebe-io-zeebe-cloud-events-rou-4k7rx-1[0m stage [32mfrom-build-pack[0m and container [32mstep-credential-initializer-4hrxs[0m
{"level":"info","ts":1592230037.6513267,"logger":"fallback-logger","caller":"logging/config.go:69","msg":"Fetch GitHub commit ID from kodata failed: open /var/run/ko/refs/heads/0.8.0-ns-support: no such file or directory"}
{"level":"info","ts":1592230037.6525705,"logger":"fallback-logger","caller":"creds-init/main.go:40","msg":"Credentials initialized."}

Showing logs for build [32mzeebe-io-zeebe-cloud-events-rou-4k7rx-1[0m stage [32mfrom-build-pack[0m and container [32mstep-working-dir-initializer-n5cjj[0m
{"level":"info","ts":1592230038.0173216,"logger":"fallback-logger","caller":"logging/config.go:69","msg":"Fetch GitHub commit ID from kodata failed: open /var/run/ko/HEAD: no such file or directory"}
{"level":"info","ts":1592230038.0201292,"logger":"fallback-logger","caller":"bash/main.go:64","msg":"Successfully executed command \"sh -c mkdir -p /workspace/source\"; output "}

Showing logs for build [32mzeebe-io-zeebe-cloud-events-rou-4k7rx-1[0m stage [32mfrom-build-pack[0m and container [32mstep-place-tools[0m

Showing logs for build [32mzeebe-io-zeebe-cloud-events-rou-4k7rx-1[0m stage [32mfrom-build-pack[0m and container [32mstep-git-source-zeebe-io-zeebe-cloud-events-rou-4k7rx-c8w8p[0m
{"level":"info","ts":1592230065.5448244,"logger":"fallback-logger","caller":"logging/config.go:69","msg":"Fetch GitHub commit ID from kodata failed: open /var/run/ko/refs/heads/0.8.0-ns-support: no such file or directory"}
{"level":"info","ts":1592230066.751658,"logger":"fallback-logger","caller":"git/git.go:103","msg":"Successfully cloned https://github.com/zeebe-io/zeebe-cloud-events-router.git @ v0.0.7 in path /workspace/source"}

Showing logs for build [32mzeebe-io-zeebe-cloud-events-rou-4k7rx-1[0m stage [32mfrom-build-pack[0m and container [32mstep-git-merge[0m
Using SHAs from PULL_REFS=master:
WARNING: no SHAs to merge, falling back to initial cloned commit

Showing logs for build [32mzeebe-io-zeebe-cloud-events-rou-4k7rx-1[0m stage [32mfrom-build-pack[0m and container [32mstep-setup-jx-git-credentials[0m
Generated Git credentials file /workspace/xdg_config/git/credentials

Showing logs for build [32mzeebe-io-zeebe-cloud-events-rou-4k7rx-1[0m stage [32mfrom-build-pack[0m and container [32mstep-build-mvn-deploy[0m
Picked up _JAVA_OPTIONS: -XX:+UnlockExperimentalVMOptions -Dsun.zip.disableMemoryMapping=true -XX:+UseParallelGC -XX:MinHeapFreeRatio=5 -XX:MaxHeapFreeRatio=10 -XX:GCTimeRatio=4 -XX:AdaptiveSizePolicyWeight=90 -Xms10m -Xmx192m
[INFO] Scanning for projects...
[INFO] 
[INFO] ------------< com.*******.zeebe:zeebe-cloud-events-router >-------------
[INFO] Building Zeebe Cloud Events Router 0.0.7
[INFO] --------------------------------[ jar ]---------------------------------
[WARNING] The POM for com.github.*******:zeebe-cloud-events-java-sdk:jar:master-SNAPSHOT is missing, no dependency information available
[INFO] ------------------------------------------------------------------------
[INFO] BUILD FAILURE
[INFO] ------------------------------------------------------------------------
[INFO] Total time:  22.934 s
[INFO] Finished at: 2020-06-15T14:08:15Z
[INFO] ------------------------------------------------------------------------
[ERROR] Failed to execute goal on project zeebe-cloud-events-router: Could not resolve dependencies for project com.*******.zeebe:zeebe-cloud-events-router:jar:0.0.7: Could not find artifact com.github.*******:zeebe-cloud-events-java-sdk:jar:master-SNAPSHOT in nexus (http://nexus/repository/maven-group/) -> [Help 1]
[ERROR] 
[ERROR] To see the full stack trace of the errors, re-run Maven with the -e switch.
[ERROR] Re-run Maven using the -X switch to enable full debug logging.
[ERROR] 
[ERROR] For more information about the errors and possible solutions, please read the following articles:
[ERROR] [Help 1] http://cwiki.apache.org/confluence/display/MAVEN/DependencyResolutionException
[31m
Pipeline failed on stage 'from-build-pack' : container 'step-build-mvn-deploy'. The execution of the pipeline has stopped.[0m
