
Showing logs for build [32mzeebe-io-zeebe-cloud-events-rou-j8f9f-41[0m stage [32mfrom-build-pack[0m and container [32mcredential-initializer[0m
{"level":"info","ts":1600160314.345151,"caller":"creds-init/main.go:44","msg":"Credentials initialized."}

Showing logs for build [32mzeebe-io-zeebe-cloud-events-rou-j8f9f-41[0m stage [32mfrom-build-pack[0m and container [32mworking-dir-initializer[0m

Showing logs for build [32mzeebe-io-zeebe-cloud-events-rou-j8f9f-41[0m stage [32mfrom-build-pack[0m and container [32mplace-tools[0m

Showing logs for build [32mzeebe-io-zeebe-cloud-events-rou-j8f9f-41[0m stage [32mfrom-build-pack[0m and container [32mstep-git-source-zeebe-io-zeebe-cloud-events-rou-j8f9f-hw9kp[0m
{"level":"info","ts":1600160324.4051135,"caller":"git/git.go:105","msg":"Successfully cloned https://github.com/zeebe-io/zeebe-cloud-events-router.git @ v0.0.47 in path /workspace/source"}
{"level":"warn","ts":1600160324.407772,"caller":"git/git.go:152","msg":"Unexpected error: creating symlink: symlink /tekton/home/.ssh /root/.ssh: file exists"}
{"level":"info","ts":1600160324.5111842,"caller":"git/git.go:133","msg":"Successfully initialized and updated submodules in path /workspace/source"}

Showing logs for build [32mzeebe-io-zeebe-cloud-events-rou-j8f9f-41[0m stage [32mfrom-build-pack[0m and container [32mstep-setup-builder-home[0m

Showing logs for build [32mzeebe-io-zeebe-cloud-events-rou-j8f9f-41[0m stage [32mfrom-build-pack[0m and container [32mstep-git-merge[0m
Using SHAs from PULL_REFS=master:0eefb4e197519ffa9e4cb0c46ed3bf8b3f25c1c5
WARNING: no SHAs to merge, falling back to initial cloned commit

Showing logs for build [32mzeebe-io-zeebe-cloud-events-rou-j8f9f-41[0m stage [32mfrom-build-pack[0m and container [32mstep-setup-jx-git-credentials[0m
Generated Git credentials file /workspace/xdg_config/git/credentials

Showing logs for build [32mzeebe-io-zeebe-cloud-events-rou-j8f9f-41[0m stage [32mfrom-build-pack[0m and container [32mstep-build-mvn-deploy[0m
Picked up _JAVA_OPTIONS: -XX:+UnlockExperimentalVMOptions -Dsun.zip.disableMemoryMapping=true -XX:+UseParallelGC -XX:MinHeapFreeRatio=5 -XX:MaxHeapFreeRatio=10 -XX:GCTimeRatio=4 -XX:AdaptiveSizePolicyWeight=90 -Xms10m -Xmx192m
[INFO] Scanning for projects...
[INFO] 
[INFO] ------------< com.*******.zeebe:zeebe-cloud-events-router >-------------
[INFO] Building Zeebe Cloud Events Router 0.0.47
[INFO] --------------------------------[ jar ]---------------------------------
[INFO] 
[INFO] --- maven-clean-plugin:3.1.0:clean (default-clean) @ zeebe-cloud-events-router ---
[INFO] 
[INFO] --- maven-resources-plugin:3.1.0:resources (default-resources) @ zeebe-cloud-events-router ---
[INFO] Using 'UTF-8' encoding to copy filtered resources.
[INFO] Copying 1 resource
[INFO] Copying 0 resource
[INFO] 
[INFO] --- maven-compiler-plugin:3.8.1:compile (default-compile) @ zeebe-cloud-events-router ---
[INFO] Changes detected - recompiling the module!
[INFO] Compiling 8 source files to /workspace/source/target/classes
[INFO] 
[INFO] --- maven-resources-plugin:3.1.0:testResources (default-testResources) @ zeebe-cloud-events-router ---
[INFO] Using 'UTF-8' encoding to copy filtered resources.
[INFO] skip non existing resourceDirectory /workspace/source/src/test/resources
[INFO] 
[INFO] --- maven-compiler-plugin:3.8.1:testCompile (default-testCompile) @ zeebe-cloud-events-router ---
[INFO] Changes detected - recompiling the module!
[INFO] Compiling 1 source file to /workspace/source/target/test-classes
[INFO] 
[INFO] --- maven-surefire-plugin:3.0.0-M1:test (default-test) @ zeebe-cloud-events-router ---
[INFO] 
[INFO] -------------------------------------------------------
[INFO]  T E S T S
[INFO] -------------------------------------------------------
[WARNING] Corrupted STDOUT by directly writing to native stream in forked JVM 1. See FAQ web page and the dump file /workspace/source/target/surefire-reports/2020-09-15T08-59-30_496-jvmRun1.dumpstream
08:59:34.748 [main] DEBUG org.springframework.test.context.junit4.SpringJUnit4ClassRunner - SpringJUnit4ClassRunner constructor called with [class io.zeebe.cloud.events.router.ZeebeCloudEventsRouterAppTests]
08:59:34.756 [main] DEBUG org.springframework.test.context.BootstrapUtils - Instantiating CacheAwareContextLoaderDelegate from class [org.springframework.test.context.cache.DefaultCacheAwareContextLoaderDelegate]
08:59:34.758 [main] DEBUG org.springframework.test.context.BootstrapUtils - Instantiating BootstrapContext using constructor [public org.springframework.test.context.support.DefaultBootstrapContext(java.lang.Class,org.springframework.test.context.CacheAwareContextLoaderDelegate)]
08:59:34.760 [main] DEBUG org.springframework.test.context.BootstrapUtils - Instantiating TestContextBootstrapper for test class [io.zeebe.cloud.events.router.ZeebeCloudEventsRouterAppTests] from class [org.springframework.boot.test.context.SpringBootTestContextBootstrapper]
08:59:34.770 [main] INFO org.springframework.boot.test.context.SpringBootTestContextBootstrapper - Neither @ContextConfiguration nor @ContextHierarchy found for test class [io.zeebe.cloud.events.router.ZeebeCloudEventsRouterAppTests], using SpringBootContextLoader
08:59:34.772 [main] DEBUG org.springframework.test.context.support.AbstractContextLoader - Did not detect default resource location for test class [io.zeebe.cloud.events.router.ZeebeCloudEventsRouterAppTests]: class path resource [io/zeebe/cloud/events/router/ZeebeCloudEventsRouterAppTests-context.xml] does not exist
08:59:34.772 [main] DEBUG org.springframework.test.context.support.AbstractContextLoader - Did not detect default resource location for test class [io.zeebe.cloud.events.router.ZeebeCloudEventsRouterAppTests]: class path resource [io/zeebe/cloud/events/router/ZeebeCloudEventsRouterAppTestsContext.groovy] does not exist
08:59:34.774 [main] INFO org.springframework.test.context.support.AbstractContextLoader - Could not detect default resource locations for test class [io.zeebe.cloud.events.router.ZeebeCloudEventsRouterAppTests]: no resource found for suffixes {-context.xml, Context.groovy}.
08:59:34.776 [main] INFO org.springframework.test.context.support.AnnotationConfigContextLoaderUtils - Could not detect default configuration classes for test class [io.zeebe.cloud.events.router.ZeebeCloudEventsRouterAppTests]: ZeebeCloudEventsRouterAppTests does not declare any static, non-private, non-final, nested classes annotated with @Configuration.
08:59:34.787 [main] DEBUG org.springframework.test.context.support.ActiveProfilesUtils - Could not find an 'annotation declaring class' for annotation type [org.springframework.test.context.ActiveProfiles] and class [io.zeebe.cloud.events.router.ZeebeCloudEventsRouterAppTests]
08:59:34.872 [main] INFO org.springframework.boot.test.context.SpringBootTestContextBootstrapper - Found @SpringBootConfiguration io.zeebe.cloud.events.router.ZeebeCloudEventsRouterApp for test class io.zeebe.cloud.events.router.ZeebeCloudEventsRouterAppTests
08:59:34.887 [main] DEBUG org.springframework.boot.test.context.SpringBootTestContextBootstrapper - @TestExecutionListeners is not present for class [io.zeebe.cloud.events.router.ZeebeCloudEventsRouterAppTests]: using defaults.
08:59:34.895 [main] INFO org.springframework.boot.test.context.SpringBootTestContextBootstrapper - Loaded default TestExecutionListener class names from location [META-INF/spring.factories]: [org.springframework.boot.test.mock.mockito.MockitoTestExecutionListener, org.springframework.boot.test.mock.mockito.ResetMocksTestExecutionListener, org.springframework.boot.test.autoconfigure.restdocs.RestDocsTestExecutionListener, org.springframework.boot.test.autoconfigure.web.client.MockRestServiceServerResetTestExecutionListener, org.springframework.boot.test.autoconfigure.web.servlet.MockMvcPrintOnlyOnFailureTestExecutionListener, org.springframework.boot.test.autoconfigure.web.servlet.WebDriverTestExecutionListener, org.springframework.test.context.web.ServletTestExecutionListener, org.springframework.test.context.support.DirtiesContextBeforeModesTestExecutionListener, org.springframework.test.context.support.DependencyInjectionTestExecutionListener, org.springframework.test.context.support.DirtiesContextTestExecutionListener, org.springframework.test.context.transaction.TransactionalTestExecutionListener, org.springframework.test.context.jdbc.SqlScriptsTestExecutionListener, org.springframework.test.context.event.EventPublishingTestExecutionListener]
08:59:34.913 [main] DEBUG org.springframework.boot.test.context.SpringBootTestContextBootstrapper - Skipping candidate TestExecutionListener [org.springframework.test.context.web.ServletTestExecutionListener] due to a missing dependency. Specify custom listener classes or make the default listener classes and their required dependencies available. Offending class: [javax/servlet/ServletContext]
08:59:34.914 [main] DEBUG org.springframework.boot.test.context.SpringBootTestContextBootstrapper - Skipping candidate TestExecutionListener [org.springframework.test.context.transaction.TransactionalTestExecutionListener] due to a missing dependency. Specify custom listener classes or make the default listener classes and their required dependencies available. Offending class: [org/springframework/transaction/TransactionDefinition]
08:59:34.931 [main] DEBUG org.springframework.boot.test.context.SpringBootTestContextBootstrapper - Skipping candidate TestExecutionListener [org.springframework.test.context.jdbc.SqlScriptsTestExecutionListener] due to a missing dependency. Specify custom listener classes or make the default listener classes and their required dependencies available. Offending class: [org/springframework/transaction/interceptor/TransactionAttribute]
08:59:34.932 [main] INFO org.springframework.boot.test.context.SpringBootTestContextBootstrapper - Using TestExecutionListeners: [org.springframework.test.context.support.DirtiesContextBeforeModesTestExecutionListener@7216fb24, org.springframework.boot.test.mock.mockito.MockitoTestExecutionListener@2072acb2, org.springframework.boot.test.autoconfigure.SpringBootDependencyInjectionTestExecutionListener@50ecde95, org.springframework.test.context.support.DirtiesContextTestExecutionListener@35a9782c, org.springframework.test.context.event.EventPublishingTestExecutionListener@70a36a66, org.springframework.boot.test.mock.mockito.ResetMocksTestExecutionListener@45815ffc, org.springframework.boot.test.autoconfigure.restdocs.RestDocsTestExecutionListener@732f29af, org.springframework.boot.test.autoconfigure.web.client.MockRestServiceServerResetTestExecutionListener@d3957fe, org.springframework.boot.test.autoconfigure.web.servlet.MockMvcPrintOnlyOnFailureTestExecutionListener@6622fc65, org.springframework.boot.test.autoconfigure.web.servlet.WebDriverTestExecutionListener@299321e2]
08:59:34.933 [main] DEBUG org.springframework.test.annotation.ProfileValueUtils - Retrieved @ProfileValueSourceConfiguration [null] for test class [io.zeebe.cloud.events.router.ZeebeCloudEventsRouterAppTests]
08:59:34.934 [main] DEBUG org.springframework.test.annotation.ProfileValueUtils - Retrieved ProfileValueSource type [class org.springframework.test.annotation.SystemProfileValueSource] for class [io.zeebe.cloud.events.router.ZeebeCloudEventsRouterAppTests]
08:59:35.282 [main] DEBUG org.springframework.test.annotation.ProfileValueUtils - Retrieved @ProfileValueSourceConfiguration [null] for test class [io.zeebe.cloud.events.router.ZeebeCloudEventsRouterAppTests]
08:59:35.286 [main] DEBUG org.springframework.test.annotation.ProfileValueUtils - Retrieved ProfileValueSource type [class org.springframework.test.annotation.SystemProfileValueSource] for class [io.zeebe.cloud.events.router.ZeebeCloudEventsRouterAppTests]
[INFO] Running io.zeebe.cloud.events.router.ZeebeCloudEventsRouterAppTests
08:59:35.305 [main] DEBUG org.springframework.test.annotation.ProfileValueUtils - Retrieved @ProfileValueSourceConfiguration [null] for test class [io.zeebe.cloud.events.router.ZeebeCloudEventsRouterAppTests]
08:59:35.307 [main] DEBUG org.springframework.test.annotation.ProfileValueUtils - Retrieved ProfileValueSource type [class org.springframework.test.annotation.SystemProfileValueSource] for class [io.zeebe.cloud.events.router.ZeebeCloudEventsRouterAppTests]
08:59:35.319 [main] DEBUG org.springframework.test.annotation.ProfileValueUtils - Retrieved @ProfileValueSourceConfiguration [null] for test class [io.zeebe.cloud.events.router.ZeebeCloudEventsRouterAppTests]
08:59:35.324 [main] DEBUG org.springframework.test.annotation.ProfileValueUtils - Retrieved ProfileValueSource type [class org.springframework.test.annotation.SystemProfileValueSource] for class [io.zeebe.cloud.events.router.ZeebeCloudEventsRouterAppTests]
08:59:35.355 [main] DEBUG org.springframework.test.context.support.AbstractDirtiesContextTestExecutionListener - Before test class: context [DefaultTestContext@fb9c7aa testClass = ZeebeCloudEventsRouterAppTests, testInstance = [null], testMethod = [null], testException = [null], mergedContextConfiguration = [ReactiveWebMergedContextConfiguration@4c398c80 testClass = ZeebeCloudEventsRouterAppTests, locations = '{}', classes = '{class io.zeebe.cloud.events.router.ZeebeCloudEventsRouterApp}', contextInitializerClasses = '[]', activeProfiles = '{}', propertySourceLocations = '{}', propertySourceProperties = '{org.springframework.boot.test.context.SpringBootTestContextBootstrapper=true}', contextCustomizers = set[org.springframework.boot.test.context.filter.ExcludeFilterContextCustomizer@6f01b95f, org.springframework.boot.test.json.DuplicateJsonObjectContextCustomizerFactory$DuplicateJsonObjectContextCustomizer@673fdbce, org.springframework.boot.test.mock.mockito.MockitoContextCustomizer@0, org.springframework.boot.test.web.client.TestRestTemplateContextCustomizer@194fad1, org.springframework.boot.test.web.reactive.server.WebTestClientContextCustomizer@5e7cd6cc, org.springframework.boot.test.autoconfigure.properties.PropertyMappingContextCustomizer@0, org.springframework.boot.test.autoconfigure.web.servlet.WebDriverContextCustomizerFactory$Customizer@6f43c82], contextLoader = 'org.springframework.boot.test.context.SpringBootContextLoader', parent = [null]], attributes = map[[empty]]], class annotated with @DirtiesContext [false] with mode [null].
08:59:35.370 [main] DEBUG org.springframework.test.annotation.ProfileValueUtils - Retrieved @ProfileValueSourceConfiguration [null] for test class [io.zeebe.cloud.events.router.ZeebeCloudEventsRouterAppTests]
08:59:35.381 [main] DEBUG org.springframework.test.annotation.ProfileValueUtils - Retrieved ProfileValueSource type [class org.springframework.test.annotation.SystemProfileValueSource] for class [io.zeebe.cloud.events.router.ZeebeCloudEventsRouterAppTests]
08:59:35.404 [main] DEBUG org.springframework.test.context.support.DependencyInjectionTestExecutionListener - Performing dependency injection for test context [[DefaultTestContext@fb9c7aa testClass = ZeebeCloudEventsRouterAppTests, testInstance = io.zeebe.cloud.events.router.ZeebeCloudEventsRouterAppTests@163d04ff, testMethod = [null], testException = [null], mergedContextConfiguration = [ReactiveWebMergedContextConfiguration@4c398c80 testClass = ZeebeCloudEventsRouterAppTests, locations = '{}', classes = '{class io.zeebe.cloud.events.router.ZeebeCloudEventsRouterApp}', contextInitializerClasses = '[]', activeProfiles = '{}', propertySourceLocations = '{}', propertySourceProperties = '{org.springframework.boot.test.context.SpringBootTestContextBootstrapper=true}', contextCustomizers = set[org.springframework.boot.test.context.filter.ExcludeFilterContextCustomizer@6f01b95f, org.springframework.boot.test.json.DuplicateJsonObjectContextCustomizerFactory$DuplicateJsonObjectContextCustomizer@673fdbce, org.springframework.boot.test.mock.mockito.MockitoContextCustomizer@0, org.springframework.boot.test.web.client.TestRestTemplateContextCustomizer@194fad1, org.springframework.boot.test.web.reactive.server.WebTestClientContextCustomizer@5e7cd6cc, org.springframework.boot.test.autoconfigure.properties.PropertyMappingContextCustomizer@0, org.springframework.boot.test.autoconfigure.web.servlet.WebDriverContextCustomizerFactory$Customizer@6f43c82], contextLoader = 'org.springframework.boot.test.context.SpringBootContextLoader', parent = [null]], attributes = map[[empty]]]].
08:59:35.502 [main] DEBUG org.springframework.test.context.support.TestPropertySourceUtils - Adding inlined properties to environment: {spring.jmx.enabled=false, org.springframework.boot.test.context.SpringBootTestContextBootstrapper=true, server.port=-1}

  .   ____          _            __ _ _
 /\\ / ___'_ __ _ _(_)_ __  __ _ \ \ \ \
( ( )\___ | '_ | '_| | '_ \/ _` | \ \ \ \
 \\/  ___)| |_)| | | | | || (_| |  ) ) ) )
  '  |____| .__|_| |_|_| |_\__, | / / / /
 =========|_|==============|___/=/_/_/_/
 :: Spring Boot ::        (v2.2.0.RELEASE)

2020-09-15 08:59:36.296  INFO 70 --- [           main] i.z.c.e.r.ZeebeCloudEventsRouterAppTests : Starting ZeebeCloudEventsRouterAppTests on zeebe-io-zeebe-cloud-events-rou-j8f9f-41-from-build-pack--ncklz with PID 70 (started by root in /workspace/source)
2020-09-15 08:59:36.310  INFO 70 --- [           main] i.z.c.e.r.ZeebeCloudEventsRouterAppTests : No active profile set, falling back to default profiles: default
2020-09-15 08:59:39.554  INFO 70 --- [           main] trationDelegate$BeanPostProcessorChecker : Bean 'io.zeebe.spring.client.config.processor.PostProcessorConfiguration' of type [io.zeebe.spring.client.config.processor.PostProcessorConfiguration] is not eligible for getting processed by all BeanPostProcessors (for example: not eligible for auto-proxying)
2020-09-15 08:59:39.584  INFO 70 --- [           main] trationDelegate$BeanPostProcessorChecker : Bean 'io.zeebe.spring.client.bean.value.factory.ReadAnnotationValueConfiguration' of type [io.zeebe.spring.client.bean.value.factory.ReadAnnotationValueConfiguration] is not eligible for getting processed by all BeanPostProcessors (for example: not eligible for auto-proxying)
2020-09-15 08:59:39.602  INFO 70 --- [           main] trationDelegate$BeanPostProcessorChecker : Bean 'zeebeExpressionResolver' of type [io.zeebe.spring.util.ZeebeExpressionResolver] is not eligible for getting processed by all BeanPostProcessors (for example: not eligible for auto-proxying)
2020-09-15 08:59:39.646  INFO 70 --- [           main] trationDelegate$BeanPostProcessorChecker : Bean 'readZeebeDeploymentValue' of type [io.zeebe.spring.client.bean.value.factory.ReadZeebeDeploymentValue] is not eligible for getting processed by all BeanPostProcessors (for example: not eligible for auto-proxying)
2020-09-15 08:59:39.676  INFO 70 --- [           main] trationDelegate$BeanPostProcessorChecker : Bean 'deploymentPostProcessor' of type [io.zeebe.spring.client.config.processor.DeploymentPostProcessor] is not eligible for getting processed by all BeanPostProcessors (for example: not eligible for auto-proxying)
2020-09-15 08:59:39.699  INFO 70 --- [           main] trationDelegate$BeanPostProcessorChecker : Bean 'readZeebeWorkerValue' of type [io.zeebe.spring.client.bean.value.factory.ReadZeebeWorkerValue] is not eligible for getting processed by all BeanPostProcessors (for example: not eligible for auto-proxying)
2020-09-15 08:59:39.717  INFO 70 --- [           main] trationDelegate$BeanPostProcessorChecker : Bean 'zeebeWorkerPostProcessor' of type [io.zeebe.spring.client.config.processor.ZeebeWorkerPostProcessor] is not eligible for getting processed by all BeanPostProcessors (for example: not eligible for auto-proxying)
2020-09-15 08:59:39.818  INFO 70 --- [           main] trationDelegate$BeanPostProcessorChecker : Bean 'zeebe.client-io.zeebe.spring.client.properties.ZeebeClientConfigurationProperties' of type [io.zeebe.spring.client.properties.ZeebeClientConfigurationProperties] is not eligible for getting processed by all BeanPostProcessors (for example: not eligible for auto-proxying)
2020-09-15 08:59:39.838  INFO 70 --- [           main] trationDelegate$BeanPostProcessorChecker : Bean 'io.zeebe.spring.client.config.ZeebeClientStarterAutoConfiguration' of type [io.zeebe.spring.client.config.ZeebeClientStarterAutoConfiguration$$EnhancerBySpringCGLIB$$1e69bd08] is not eligible for getting processed by all BeanPostProcessors (for example: not eligible for auto-proxying)
2020-09-15 08:59:39.892  INFO 70 --- [           main] trationDelegate$BeanPostProcessorChecker : Bean 'builder' of type [io.zeebe.client.impl.ZeebeClientBuilderImpl] is not eligible for getting processed by all BeanPostProcessors (for example: not eligible for auto-proxying)
2020-09-15 08:59:39.899  INFO 70 --- [           main] trationDelegate$BeanPostProcessorChecker : Bean 'io.zeebe.spring.client.config.ZeebeClientSpringConfiguration' of type [io.zeebe.spring.client.config.ZeebeClientSpringConfiguration] is not eligible for getting processed by all BeanPostProcessors (for example: not eligible for auto-proxying)
2020-09-15 08:59:39.928  INFO 70 --- [           main] trationDelegate$BeanPostProcessorChecker : Bean 'zeebeClientObjectFactory' of type [io.zeebe.spring.client.config.ZeebeClientSpringConfiguration$$Lambda$445/0x0000000100390c40] is not eligible for getting processed by all BeanPostProcessors (for example: not eligible for auto-proxying)
2020-09-15 08:59:39.956  INFO 70 --- [           main] trationDelegate$BeanPostProcessorChecker : Bean 'zeebeClientLifecycle' of type [io.zeebe.spring.client.ZeebeClientLifecycle] is not eligible for getting processed by all BeanPostProcessors (for example: not eligible for auto-proxying)
2020-09-15 08:59:40.177  INFO 70 --- [           main] i.z.s.c.c.p.ZeebeWorkerPostProcessor     : zeebeWorker: ClassInfo(bean=io.zeebe.cloud.events.router.ZeebeCloudEventsRouterWorker@78a0ff63, beanName=zeebeCloudEventsRouterWorker)
2020-09-15 08:59:46.671  INFO 70 --- [           main] o.s.b.a.e.web.EndpointLinksResolver      : Exposing 2 endpoint(s) beneath base path '/actuator'
2020-09-15 08:59:50.903  INFO 70 --- [           main] i.z.s.c.c.p.ZeebeWorkerPostProcessor     : register job worker: ZeebeWorkerValue(type=cloudevents, name=cloudevents-router, timeout=86400000, maxJobsActive=-1, beanInfo=MethodInfo(classInfo=ClassInfo(bean=io.zeebe.cloud.events.router.ZeebeCloudEventsRouterWorker@78a0ff63, beanName=zeebeCloudEventsRouterWorker), method=public void io.zeebe.cloud.events.router.ZeebeCloudEventsRouterWorker.cloudEventsRouterWorker(io.zeebe.client.api.worker.JobClient,io.zeebe.client.api.response.ActivatedJob) throws com.fasterxml.jackson.core.JsonProcessingException))
2020-09-15 08:59:50.965  INFO 70 --- [           main] i.z.c.e.r.ZeebeCloudEventsRouterAppTests : Started ZeebeCloudEventsRouterAppTests in 15.431 seconds (JVM running for 19.562)
2020-09-15 08:59:52.044  WARN 70 --- [ault-executor-1] io.zeebe.client.job.poller               : Failed to activated jobs for worker cloudevents-router and job type cloudevents

io.grpc.StatusRuntimeException: UNAVAILABLE: io exception
	at io.grpc.Status.asRuntimeException(Status.java:533) ~[grpc-api-1.30.2.jar:1.30.2]
	at io.grpc.stub.ClientCalls$StreamObserverToCallListenerAdapter.onClose(ClientCalls.java:460) ~[grpc-stub-1.30.2.jar:1.30.2]
	at io.grpc.internal.ClientCallImpl.closeObserver(ClientCallImpl.java:426) ~[grpc-core-1.30.2.jar:1.30.2]
	at io.grpc.internal.ClientCallImpl.access$500(ClientCallImpl.java:66) ~[grpc-core-1.30.2.jar:1.30.2]
	at io.grpc.internal.ClientCallImpl$ClientStreamListenerImpl.close(ClientCallImpl.java:689) ~[grpc-core-1.30.2.jar:1.30.2]
	at io.grpc.internal.ClientCallImpl$ClientStreamListenerImpl.access$900(ClientCallImpl.java:577) ~[grpc-core-1.30.2.jar:1.30.2]
	at io.grpc.internal.ClientCallImpl$ClientStreamListenerImpl$1StreamClosed.runInternal(ClientCallImpl.java:751) ~[grpc-core-1.30.2.jar:1.30.2]
	at io.grpc.internal.ClientCallImpl$ClientStreamListenerImpl$1StreamClosed.runInContext(ClientCallImpl.java:740) ~[grpc-core-1.30.2.jar:1.30.2]
	at io.grpc.internal.ContextRunnable.run(ContextRunnable.java:37) ~[grpc-core-1.30.2.jar:1.30.2]
	at io.grpc.internal.SerializingExecutor.run(SerializingExecutor.java:123) ~[grpc-core-1.30.2.jar:1.30.2]
	at java.base/java.util.concurrent.ThreadPoolExecutor.runWorker(ThreadPoolExecutor.java:1128) ~[na:na]
	at java.base/java.util.concurrent.ThreadPoolExecutor$Worker.run(ThreadPoolExecutor.java:628) ~[na:na]
	at java.base/java.lang.Thread.run(Thread.java:834) ~[na:na]
Caused by: io.netty.channel.AbstractChannel$AnnotatedConnectException: finishConnect(..) failed: Connection refused: /0.0.0.0:26500
Caused by: java.net.ConnectException: finishConnect(..) failed: Connection refused
	at io.netty.channel.unix.Errors.throwConnectException(Errors.java:124) ~[netty-transport-native-unix-common-4.1.42.Final.jar:4.1.42.Final]
	at io.netty.channel.unix.Socket.finishConnect(Socket.java:243) ~[netty-transport-native-unix-common-4.1.42.Final.jar:4.1.42.Final]
	at io.netty.channel.epoll.AbstractEpollChannel$AbstractEpollUnsafe.doFinishConnect(AbstractEpollChannel.java:660) ~[netty-transport-native-epoll-4.1.42.Final-linux-x86_64.jar:4.1.42.Final]
	at io.netty.channel.epoll.AbstractEpollChannel$AbstractEpollUnsafe.finishConnect(AbstractEpollChannel.java:637) ~[netty-transport-native-epoll-4.1.42.Final-linux-x86_64.jar:4.1.42.Final]
	at io.netty.channel.epoll.AbstractEpollChannel$AbstractEpollUnsafe.epollOutReady(AbstractEpollChannel.java:524) ~[netty-transport-native-epoll-4.1.42.Final-linux-x86_64.jar:4.1.42.Final]
	at io.netty.channel.epoll.EpollEventLoop.processReady(EpollEventLoop.java:473) ~[netty-transport-native-epoll-4.1.42.Final-linux-x86_64.jar:4.1.42.Final]
	at io.netty.channel.epoll.EpollEventLoop.run(EpollEventLoop.java:383) ~[netty-transport-native-epoll-4.1.42.Final-linux-x86_64.jar:4.1.42.Final]
	at io.netty.util.concurrent.SingleThreadEventExecutor$6.run(SingleThreadEventExecutor.java:1044) ~[netty-common-4.1.42.Final.jar:4.1.42.Final]
	at io.netty.util.internal.ThreadExecutorMap$2.run(ThreadExecutorMap.java:74) ~[netty-common-4.1.42.Final.jar:4.1.42.Final]
	at io.netty.util.concurrent.FastThreadLocalRunnable.run(FastThreadLocalRunnable.java:30) ~[netty-common-4.1.42.Final.jar:4.1.42.Final]
	at java.base/java.lang.Thread.run(Thread.java:834) ~[na:na]

2020-09-15 08:59:52.085  WARN 70 --- [ault-executor-1] io.zeebe.client.job.poller               : Failed to activated jobs for worker cloudevents-router and job type cloudevents

io.grpc.StatusRuntimeException: UNAVAILABLE: io exception
	at io.grpc.Status.asRuntimeException(Status.java:533) ~[grpc-api-1.30.2.jar:1.30.2]
	at io.grpc.stub.ClientCalls$StreamObserverToCallListenerAdapter.onClose(ClientCalls.java:460) ~[grpc-stub-1.30.2.jar:1.30.2]
	at io.grpc.internal.ClientCallImpl.closeObserver(ClientCallImpl.java:426) ~[grpc-core-1.30.2.jar:1.30.2]
	at io.grpc.internal.ClientCallImpl.access$500(ClientCallImpl.java:66) ~[grpc-core-1.30.2.jar:1.30.2]
	at io.grpc.internal.ClientCallImpl$ClientStreamListenerImpl.close(ClientCallImpl.java:689) ~[grpc-core-1.30.2.jar:1.30.2]
	at io.grpc.internal.ClientCallImpl$ClientStreamListenerImpl.access$900(ClientCallImpl.java:577) ~[grpc-core-1.30.2.jar:1.30.2]
	at io.grpc.internal.ClientCallImpl$ClientStreamListenerImpl$1StreamClosed.runInternal(ClientCallImpl.java:751) ~[grpc-core-1.30.2.jar:1.30.2]
	at io.grpc.internal.ClientCallImpl$ClientStreamListenerImpl$1StreamClosed.runInContext(ClientCallImpl.java:740) ~[grpc-core-1.30.2.jar:1.30.2]
	at io.grpc.internal.ContextRunnable.run(ContextRunnable.java:37) ~[grpc-core-1.30.2.jar:1.30.2]
	at io.grpc.internal.SerializingExecutor.run(SerializingExecutor.java:123) ~[grpc-core-1.30.2.jar:1.30.2]
	at java.base/java.util.concurrent.ThreadPoolExecutor.runWorker(ThreadPoolExecutor.java:1128) ~[na:na]
	at java.base/java.util.concurrent.ThreadPoolExecutor$Worker.run(ThreadPoolExecutor.java:628) ~[na:na]
	at java.base/java.lang.Thread.run(Thread.java:834) ~[na:na]
Caused by: io.netty.channel.AbstractChannel$AnnotatedConnectException: finishConnect(..) failed: Connection refused: /0.0.0.0:26500
Caused by: java.net.ConnectException: finishConnect(..) failed: Connection refused
	at io.netty.channel.unix.Errors.throwConnectException(Errors.java:124) ~[netty-transport-native-unix-common-4.1.42.Final.jar:4.1.42.Final]
	at io.netty.channel.unix.Socket.finishConnect(Socket.java:243) ~[netty-transport-native-unix-common-4.1.42.Final.jar:4.1.42.Final]
	at io.netty.channel.epoll.AbstractEpollChannel$AbstractEpollUnsafe.doFinishConnect(AbstractEpollChannel.java:660) ~[netty-transport-native-epoll-4.1.42.Final-linux-x86_64.jar:4.1.42.Final]
	at io.netty.channel.epoll.AbstractEpollChannel$AbstractEpollUnsafe.finishConnect(AbstractEpollChannel.java:637) ~[netty-transport-native-epoll-4.1.42.Final-linux-x86_64.jar:4.1.42.Final]
	at io.netty.channel.epoll.AbstractEpollChannel$AbstractEpollUnsafe.epollOutReady(AbstractEpollChannel.java:524) ~[netty-transport-native-epoll-4.1.42.Final-linux-x86_64.jar:4.1.42.Final]
	at io.netty.channel.epoll.EpollEventLoop.processReady(EpollEventLoop.java:473) ~[netty-transport-native-epoll-4.1.42.Final-linux-x86_64.jar:4.1.42.Final]
	at io.netty.channel.epoll.EpollEventLoop.run(EpollEventLoop.java:383) ~[netty-transport-native-epoll-4.1.42.Final-linux-x86_64.jar:4.1.42.Final]
	at io.netty.util.concurrent.SingleThreadEventExecutor$6.run(SingleThreadEventExecutor.java:1044) ~[netty-common-4.1.42.Final.jar:4.1.42.Final]
	at io.netty.util.internal.ThreadExecutorMap$2.run(ThreadExecutorMap.java:74) ~[netty-common-4.1.42.Final.jar:4.1.42.Final]
	at io.netty.util.concurrent.FastThreadLocalRunnable.run(FastThreadLocalRunnable.java:30) ~[netty-common-4.1.42.Final.jar:4.1.42.Final]
	at java.base/java.lang.Thread.run(Thread.java:834) ~[na:na]

2020-09-15 08:59:52.186  WARN 70 --- [ault-executor-1] io.zeebe.client.job.poller               : Failed to activated jobs for worker cloudevents-router and job type cloudevents

io.grpc.StatusRuntimeException: UNAVAILABLE: io exception
	at io.grpc.Status.asRuntimeException(Status.java:533) ~[grpc-api-1.30.2.jar:1.30.2]
	at io.grpc.stub.ClientCalls$StreamObserverToCallListenerAdapter.onClose(ClientCalls.java:460) ~[grpc-stub-1.30.2.jar:1.30.2]
	at io.grpc.internal.ClientCallImpl.closeObserver(ClientCallImpl.java:426) ~[grpc-core-1.30.2.jar:1.30.2]
	at io.grpc.internal.ClientCallImpl.access$500(ClientCallImpl.java:66) ~[grpc-core-1.30.2.jar:1.30.2]
	at io.grpc.internal.ClientCallImpl$ClientStreamListenerImpl.close(ClientCallImpl.java:689) ~[grpc-core-1.30.2.jar:1.30.2]
	at io.grpc.internal.ClientCallImpl$ClientStreamListenerImpl.access$900(ClientCallImpl.java:577) ~[grpc-core-1.30.2.jar:1.30.2]
	at io.grpc.internal.ClientCallImpl$ClientStreamListenerImpl$1StreamClosed.runInternal(ClientCallImpl.java:751) ~[grpc-core-1.30.2.jar:1.30.2]
	at io.grpc.internal.ClientCallImpl$ClientStreamListenerImpl$1StreamClosed.runInContext(ClientCallImpl.java:740) ~[grpc-core-1.30.2.jar:1.30.2]
	at io.grpc.internal.ContextRunnable.run(ContextRunnable.java:37) ~[grpc-core-1.30.2.jar:1.30.2]
	at io.grpc.internal.SerializingExecutor.run(SerializingExecutor.java:123) ~[grpc-core-1.30.2.jar:1.30.2]
	at java.base/java.util.concurrent.ThreadPoolExecutor.runWorker(ThreadPoolExecutor.java:1128) ~[na:na]
	at java.base/java.util.concurrent.ThreadPoolExecutor$Worker.run(ThreadPoolExecutor.java:628) ~[na:na]
	at java.base/java.lang.Thread.run(Thread.java:834) ~[na:na]
Caused by: io.netty.channel.AbstractChannel$AnnotatedConnectException: finishConnect(..) failed: Connection refused: /0.0.0.0:26500
Caused by: java.net.ConnectException: finishConnect(..) failed: Connection refused
	at io.netty.channel.unix.Errors.throwConnectException(Errors.java:124) ~[netty-transport-native-unix-common-4.1.42.Final.jar:4.1.42.Final]
	at io.netty.channel.unix.Socket.finishConnect(Socket.java:243) ~[netty-transport-native-unix-common-4.1.42.Final.jar:4.1.42.Final]
	at io.netty.channel.epoll.AbstractEpollChannel$AbstractEpollUnsafe.doFinishConnect(AbstractEpollChannel.java:660) ~[netty-transport-native-epoll-4.1.42.Final-linux-x86_64.jar:4.1.42.Final]
	at io.netty.channel.epoll.AbstractEpollChannel$AbstractEpollUnsafe.finishConnect(AbstractEpollChannel.java:637) ~[netty-transport-native-epoll-4.1.42.Final-linux-x86_64.jar:4.1.42.Final]
	at io.netty.channel.epoll.AbstractEpollChannel$AbstractEpollUnsafe.epollOutReady(AbstractEpollChannel.java:524) ~[netty-transport-native-epoll-4.1.42.Final-linux-x86_64.jar:4.1.42.Final]
	at io.netty.channel.epoll.EpollEventLoop.processReady(EpollEventLoop.java:473) ~[netty-transport-native-epoll-4.1.42.Final-linux-x86_64.jar:4.1.42.Final]
	at io.netty.channel.epoll.EpollEventLoop.run(EpollEventLoop.java:383) ~[netty-transport-native-epoll-4.1.42.Final-linux-x86_64.jar:4.1.42.Final]
	at io.netty.util.concurrent.SingleThreadEventExecutor$6.run(SingleThreadEventExecutor.java:1044) ~[netty-common-4.1.42.Final.jar:4.1.42.Final]
	at io.netty.util.internal.ThreadExecutorMap$2.run(ThreadExecutorMap.java:74) ~[netty-common-4.1.42.Final.jar:4.1.42.Final]
	at io.netty.util.concurrent.FastThreadLocalRunnable.run(FastThreadLocalRunnable.java:30) ~[netty-common-4.1.42.Final.jar:4.1.42.Final]
	at java.base/java.lang.Thread.run(Thread.java:834) ~[na:na]

2020-09-15 08:59:52.385  WARN 70 --- [ault-executor-1] io.zeebe.client.job.poller               : Failed to activated jobs for worker cloudevents-router and job type cloudevents

io.grpc.StatusRuntimeException: UNAVAILABLE: io exception
	at io.grpc.Status.asRuntimeException(Status.java:533) ~[grpc-api-1.30.2.jar:1.30.2]
	at io.grpc.stub.ClientCalls$StreamObserverToCallListenerAdapter.onClose(ClientCalls.java:460) ~[grpc-stub-1.30.2.jar:1.30.2]
	at io.grpc.internal.ClientCallImpl.closeObserver(ClientCallImpl.java:426) ~[grpc-core-1.30.2.jar:1.30.2]
	at io.grpc.internal.ClientCallImpl.access$500(ClientCallImpl.java:66) ~[grpc-core-1.30.2.jar:1.30.2]
	at io.grpc.internal.ClientCallImpl$ClientStreamListenerImpl.close(ClientCallImpl.java:689) ~[grpc-core-1.30.2.jar:1.30.2]
	at io.grpc.internal.ClientCallImpl$ClientStreamListenerImpl.access$900(ClientCallImpl.java:577) ~[grpc-core-1.30.2.jar:1.30.2]
	at io.grpc.internal.ClientCallImpl$ClientStreamListenerImpl$1StreamClosed.runInternal(ClientCallImpl.java:751) ~[grpc-core-1.30.2.jar:1.30.2]
	at io.grpc.internal.ClientCallImpl$ClientStreamListenerImpl$1StreamClosed.runInContext(ClientCallImpl.java:740) ~[grpc-core-1.30.2.jar:1.30.2]
	at io.grpc.internal.ContextRunnable.run(ContextRunnable.java:37) ~[grpc-core-1.30.2.jar:1.30.2]
	at io.grpc.internal.SerializingExecutor.run(SerializingExecutor.java:123) ~[grpc-core-1.30.2.jar:1.30.2]
	at java.base/java.util.concurrent.ThreadPoolExecutor.runWorker(ThreadPoolExecutor.java:1128) ~[na:na]
	at java.base/java.util.concurrent.ThreadPoolExecutor$Worker.run(ThreadPoolExecutor.java:628) ~[na:na]
	at java.base/java.lang.Thread.run(Thread.java:834) ~[na:na]
Caused by: io.netty.channel.AbstractChannel$AnnotatedConnectException: finishConnect(..) failed: Connection refused: /0.0.0.0:26500
Caused by: java.net.ConnectException: finishConnect(..) failed: Connection refused
	at io.netty.channel.unix.Errors.throwConnectException(Errors.java:124) ~[netty-transport-native-unix-common-4.1.42.Final.jar:4.1.42.Final]
	at io.netty.channel.unix.Socket.finishConnect(Socket.java:243) ~[netty-transport-native-unix-common-4.1.42.Final.jar:4.1.42.Final]
	at io.netty.channel.epoll.AbstractEpollChannel$AbstractEpollUnsafe.doFinishConnect(AbstractEpollChannel.java:660) ~[netty-transport-native-epoll-4.1.42.Final-linux-x86_64.jar:4.1.42.Final]
	at io.netty.channel.epoll.AbstractEpollChannel$AbstractEpollUnsafe.finishConnect(AbstractEpollChannel.java:637) ~[netty-transport-native-epoll-4.1.42.Final-linux-x86_64.jar:4.1.42.Final]
	at io.netty.channel.epoll.AbstractEpollChannel$AbstractEpollUnsafe.epollOutReady(AbstractEpollChannel.java:524) ~[netty-transport-native-epoll-4.1.42.Final-linux-x86_64.jar:4.1.42.Final]
	at io.netty.channel.epoll.EpollEventLoop.processReady(EpollEventLoop.java:473) ~[netty-transport-native-epoll-4.1.42.Final-linux-x86_64.jar:4.1.42.Final]
	at io.netty.channel.epoll.EpollEventLoop.run(EpollEventLoop.java:383) ~[netty-transport-native-epoll-4.1.42.Final-linux-x86_64.jar:4.1.42.Final]
	at io.netty.util.concurrent.SingleThreadEventExecutor$6.run(SingleThreadEventExecutor.java:1044) ~[netty-common-4.1.42.Final.jar:4.1.42.Final]
	at io.netty.util.internal.ThreadExecutorMap$2.run(ThreadExecutorMap.java:74) ~[netty-common-4.1.42.Final.jar:4.1.42.Final]
	at io.netty.util.concurrent.FastThreadLocalRunnable.run(FastThreadLocalRunnable.java:30) ~[netty-common-4.1.42.Final.jar:4.1.42.Final]
	at java.base/java.lang.Thread.run(Thread.java:834) ~[na:na]

2020-09-15 08:59:52.485  WARN 70 --- [ault-executor-1] io.zeebe.client.job.poller               : Failed to activated jobs for worker cloudevents-router and job type cloudevents

io.grpc.StatusRuntimeException: UNAVAILABLE: io exception
	at io.grpc.Status.asRuntimeException(Status.java:533) ~[grpc-api-1.30.2.jar:1.30.2]
	at io.grpc.stub.ClientCalls$StreamObserverToCallListenerAdapter.onClose(ClientCalls.java:460) ~[grpc-stub-1.30.2.jar:1.30.2]
	at io.grpc.internal.ClientCallImpl.closeObserver(ClientCallImpl.java:426) ~[grpc-core-1.30.2.jar:1.30.2]
	at io.grpc.internal.ClientCallImpl.access$500(ClientCallImpl.java:66) ~[grpc-core-1.30.2.jar:1.30.2]
	at io.grpc.internal.ClientCallImpl$ClientStreamListenerImpl.close(ClientCallImpl.java:689) ~[grpc-core-1.30.2.jar:1.30.2]
	at io.grpc.internal.ClientCallImpl$ClientStreamListenerImpl.access$900(ClientCallImpl.java:577) ~[grpc-core-1.30.2.jar:1.30.2]
	at io.grpc.internal.ClientCallImpl$ClientStreamListenerImpl$1StreamClosed.runInternal(ClientCallImpl.java:751) ~[grpc-core-1.30.2.jar:1.30.2]
	at io.grpc.internal.ClientCallImpl$ClientStreamListenerImpl$1StreamClosed.runInContext(ClientCallImpl.java:740) ~[grpc-core-1.30.2.jar:1.30.2]
	at io.grpc.internal.ContextRunnable.run(ContextRunnable.java:37) ~[grpc-core-1.30.2.jar:1.30.2]
	at io.grpc.internal.SerializingExecutor.run(SerializingExecutor.java:123) ~[grpc-core-1.30.2.jar:1.30.2]
	at java.base/java.util.concurrent.ThreadPoolExecutor.runWorker(ThreadPoolExecutor.java:1128) ~[na:na]
	at java.base/java.util.concurrent.ThreadPoolExecutor$Worker.run(ThreadPoolExecutor.java:628) ~[na:na]
	at java.base/java.lang.Thread.run(Thread.java:834) ~[na:na]
Caused by: io.netty.channel.AbstractChannel$AnnotatedConnectException: finishConnect(..) failed: Connection refused: /0.0.0.0:26500
Caused by: java.net.ConnectException: finishConnect(..) failed: Connection refused
	at io.netty.channel.unix.Errors.throwConnectException(Errors.java:124) ~[netty-transport-native-unix-common-4.1.42.Final.jar:4.1.42.Final]
	at io.netty.channel.unix.Socket.finishConnect(Socket.java:243) ~[netty-transport-native-unix-common-4.1.42.Final.jar:4.1.42.Final]
	at io.netty.channel.epoll.AbstractEpollChannel$AbstractEpollUnsafe.doFinishConnect(AbstractEpollChannel.java:660) ~[netty-transport-native-epoll-4.1.42.Final-linux-x86_64.jar:4.1.42.Final]
	at io.netty.channel.epoll.AbstractEpollChannel$AbstractEpollUnsafe.finishConnect(AbstractEpollChannel.java:637) ~[netty-transport-native-epoll-4.1.42.Final-linux-x86_64.jar:4.1.42.Final]
	at io.netty.channel.epoll.AbstractEpollChannel$AbstractEpollUnsafe.epollOutReady(AbstractEpollChannel.java:524) ~[netty-transport-native-epoll-4.1.42.Final-linux-x86_64.jar:4.1.42.Final]
	at io.netty.channel.epoll.EpollEventLoop.processReady(EpollEventLoop.java:473) ~[netty-transport-native-epoll-4.1.42.Final-linux-x86_64.jar:4.1.42.Final]
	at io.netty.channel.epoll.EpollEventLoop.run(EpollEventLoop.java:383) ~[netty-transport-native-epoll-4.1.42.Final-linux-x86_64.jar:4.1.42.Final]
	at io.netty.util.concurrent.SingleThreadEventExecutor$6.run(SingleThreadEventExecutor.java:1044) ~[netty-common-4.1.42.Final.jar:4.1.42.Final]
	at io.netty.util.internal.ThreadExecutorMap$2.run(ThreadExecutorMap.java:74) ~[netty-common-4.1.42.Final.jar:4.1.42.Final]
	at io.netty.util.concurrent.FastThreadLocalRunnable.run(FastThreadLocalRunnable.java:30) ~[netty-common-4.1.42.Final.jar:4.1.42.Final]
	at java.base/java.lang.Thread.run(Thread.java:834) ~[na:na]

2020-09-15 08:59:52.587  WARN 70 --- [ault-executor-1] io.zeebe.client.job.poller               : Failed to activated jobs for worker cloudevents-router and job type cloudevents

io.grpc.StatusRuntimeException: UNAVAILABLE: io exception
	at io.grpc.Status.asRuntimeException(Status.java:533) ~[grpc-api-1.30.2.jar:1.30.2]
	at io.grpc.stub.ClientCalls$StreamObserverToCallListenerAdapter.onClose(ClientCalls.java:460) ~[grpc-stub-1.30.2.jar:1.30.2]
	at io.grpc.internal.ClientCallImpl.closeObserver(ClientCallImpl.java:426) ~[grpc-core-1.30.2.jar:1.30.2]
	at io.grpc.internal.ClientCallImpl.access$500(ClientCallImpl.java:66) ~[grpc-core-1.30.2.jar:1.30.2]
	at io.grpc.internal.ClientCallImpl$ClientStreamListenerImpl.close(ClientCallImpl.java:689) ~[grpc-core-1.30.2.jar:1.30.2]
	at io.grpc.internal.ClientCallImpl$ClientStreamListenerImpl.access$900(ClientCallImpl.java:577) ~[grpc-core-1.30.2.jar:1.30.2]
	at io.grpc.internal.ClientCallImpl$ClientStreamListenerImpl$1StreamClosed.runInternal(ClientCallImpl.java:751) ~[grpc-core-1.30.2.jar:1.30.2]
	at io.grpc.internal.ClientCallImpl$ClientStreamListenerImpl$1StreamClosed.runInContext(ClientCallImpl.java:740) ~[grpc-core-1.30.2.jar:1.30.2]
	at io.grpc.internal.ContextRunnable.run(ContextRunnable.java:37) ~[grpc-core-1.30.2.jar:1.30.2]
	at io.grpc.internal.SerializingExecutor.run(SerializingExecutor.java:123) ~[grpc-core-1.30.2.jar:1.30.2]
	at java.base/java.util.concurrent.ThreadPoolExecutor.runWorker(ThreadPoolExecutor.java:1128) ~[na:na]
	at java.base/java.util.concurrent.ThreadPoolExecutor$Worker.run(ThreadPoolExecutor.java:628) ~[na:na]
	at java.base/java.lang.Thread.run(Thread.java:834) ~[na:na]
Caused by: io.netty.channel.AbstractChannel$AnnotatedConnectException: finishConnect(..) failed: Connection refused: /0.0.0.0:26500
Caused by: java.net.ConnectException: finishConnect(..) failed: Connection refused
	at io.netty.channel.unix.Errors.throwConnectException(Errors.java:124) ~[netty-transport-native-unix-common-4.1.42.Final.jar:4.1.42.Final]
	at io.netty.channel.unix.Socket.finishConnect(Socket.java:243) ~[netty-transport-native-unix-common-4.1.42.Final.jar:4.1.42.Final]
	at io.netty.channel.epoll.AbstractEpollChannel$AbstractEpollUnsafe.doFinishConnect(AbstractEpollChannel.java:660) ~[netty-transport-native-epoll-4.1.42.Final-linux-x86_64.jar:4.1.42.Final]
	at io.netty.channel.epoll.AbstractEpollChannel$AbstractEpollUnsafe.finishConnect(AbstractEpollChannel.java:637) ~[netty-transport-native-epoll-4.1.42.Final-linux-x86_64.jar:4.1.42.Final]
	at io.netty.channel.epoll.AbstractEpollChannel$AbstractEpollUnsafe.epollOutReady(AbstractEpollChannel.java:524) ~[netty-transport-native-epoll-4.1.42.Final-linux-x86_64.jar:4.1.42.Final]
	at io.netty.channel.epoll.EpollEventLoop.processReady(EpollEventLoop.java:473) ~[netty-transport-native-epoll-4.1.42.Final-linux-x86_64.jar:4.1.42.Final]
	at io.netty.channel.epoll.EpollEventLoop.run(EpollEventLoop.java:383) ~[netty-transport-native-epoll-4.1.42.Final-linux-x86_64.jar:4.1.42.Final]
	at io.netty.util.concurrent.SingleThreadEventExecutor$6.run(SingleThreadEventExecutor.java:1044) ~[netty-common-4.1.42.Final.jar:4.1.42.Final]
	at io.netty.util.internal.ThreadExecutorMap$2.run(ThreadExecutorMap.java:74) ~[netty-common-4.1.42.Final.jar:4.1.42.Final]
	at io.netty.util.concurrent.FastThreadLocalRunnable.run(FastThreadLocalRunnable.java:30) ~[netty-common-4.1.42.Final.jar:4.1.42.Final]
	at java.base/java.lang.Thread.run(Thread.java:834) ~[na:na]

2020-09-15 08:59:52.687  WARN 70 --- [ault-executor-1] io.zeebe.client.job.poller               : Failed to activated jobs for worker cloudevents-router and job type cloudevents

io.grpc.StatusRuntimeException: UNAVAILABLE: io exception
	at io.grpc.Status.asRuntimeException(Status.java:533) ~[grpc-api-1.30.2.jar:1.30.2]
	at io.grpc.stub.ClientCalls$StreamObserverToCallListenerAdapter.onClose(ClientCalls.java:460) ~[grpc-stub-1.30.2.jar:1.30.2]
	at io.grpc.internal.ClientCallImpl.closeObserver(ClientCallImpl.java:426) ~[grpc-core-1.30.2.jar:1.30.2]
	at io.grpc.internal.ClientCallImpl.access$500(ClientCallImpl.java:66) ~[grpc-core-1.30.2.jar:1.30.2]
	at io.grpc.internal.ClientCallImpl$ClientStreamListenerImpl.close(ClientCallImpl.java:689) ~[grpc-core-1.30.2.jar:1.30.2]
	at io.grpc.internal.ClientCallImpl$ClientStreamListenerImpl.access$900(ClientCallImpl.java:577) ~[grpc-core-1.30.2.jar:1.30.2]
	at io.grpc.internal.ClientCallImpl$ClientStreamListenerImpl$1StreamClosed.runInternal(ClientCallImpl.java:751) ~[grpc-core-1.30.2.jar:1.30.2]
	at io.grpc.internal.ClientCallImpl$ClientStreamListenerImpl$1StreamClosed.runInContext(ClientCallImpl.java:740) ~[grpc-core-1.30.2.jar:1.30.2]
	at io.grpc.internal.ContextRunnable.run(ContextRunnable.java:37) ~[grpc-core-1.30.2.jar:1.30.2]
	at io.grpc.internal.SerializingExecutor.run(SerializingExecutor.java:123) ~[grpc-core-1.30.2.jar:1.30.2]
	at java.base/java.util.concurrent.ThreadPoolExecutor.runWorker(ThreadPoolExecutor.java:1128) ~[na:na]
	at java.base/java.util.concurrent.ThreadPoolExecutor$Worker.run(ThreadPoolExecutor.java:628) ~[na:na]
	at java.base/java.lang.Thread.run(Thread.java:834) ~[na:na]
Caused by: io.netty.channel.AbstractChannel$AnnotatedConnectException: finishConnect(..) failed: Connection refused: /0.0.0.0:26500
Caused by: java.net.ConnectException: finishConnect(..) failed: Connection refused
	at io.netty.channel.unix.Errors.throwConnectException(Errors.java:124) ~[netty-transport-native-unix-common-4.1.42.Final.jar:4.1.42.Final]
	at io.netty.channel.unix.Socket.finishConnect(Socket.java:243) ~[netty-transport-native-unix-common-4.1.42.Final.jar:4.1.42.Final]
	at io.netty.channel.epoll.AbstractEpollChannel$AbstractEpollUnsafe.doFinishConnect(AbstractEpollChannel.java:660) ~[netty-transport-native-epoll-4.1.42.Final-linux-x86_64.jar:4.1.42.Final]
	at io.netty.channel.epoll.AbstractEpollChannel$AbstractEpollUnsafe.finishConnect(AbstractEpollChannel.java:637) ~[netty-transport-native-epoll-4.1.42.Final-linux-x86_64.jar:4.1.42.Final]
	at io.netty.channel.epoll.AbstractEpollChannel$AbstractEpollUnsafe.epollOutReady(AbstractEpollChannel.java:524) ~[netty-transport-native-epoll-4.1.42.Final-linux-x86_64.jar:4.1.42.Final]
	at io.netty.channel.epoll.EpollEventLoop.processReady(EpollEventLoop.java:473) ~[netty-transport-native-epoll-4.1.42.Final-linux-x86_64.jar:4.1.42.Final]
	at io.netty.channel.epoll.EpollEventLoop.run(EpollEventLoop.java:383) ~[netty-transport-native-epoll-4.1.42.Final-linux-x86_64.jar:4.1.42.Final]
	at io.netty.util.concurrent.SingleThreadEventExecutor$6.run(SingleThreadEventExecutor.java:1044) ~[netty-common-4.1.42.Final.jar:4.1.42.Final]
	at io.netty.util.internal.ThreadExecutorMap$2.run(ThreadExecutorMap.java:74) ~[netty-common-4.1.42.Final.jar:4.1.42.Final]
	at io.netty.util.concurrent.FastThreadLocalRunnable.run(FastThreadLocalRunnable.java:30) ~[netty-common-4.1.42.Final.jar:4.1.42.Final]
	at java.base/java.lang.Thread.run(Thread.java:834) ~[na:na]

2020-09-15 08:59:52.848  WARN 70 --- [ault-executor-1] io.zeebe.client.job.poller               : Failed to activated jobs for worker cloudevents-router and job type cloudevents

io.grpc.StatusRuntimeException: UNAVAILABLE: io exception
	at io.grpc.Status.asRuntimeException(Status.java:533) ~[grpc-api-1.30.2.jar:1.30.2]
	at io.grpc.stub.ClientCalls$StreamObserverToCallListenerAdapter.onClose(ClientCalls.java:460) ~[grpc-stub-1.30.2.jar:1.30.2]
	at io.grpc.internal.ClientCallImpl.closeObserver(ClientCallImpl.java:426) ~[grpc-core-1.30.2.jar:1.30.2]
	at io.grpc.internal.ClientCallImpl.access$500(ClientCallImpl.java:66) ~[grpc-core-1.30.2.jar:1.30.2]
	at io.grpc.internal.ClientCallImpl$ClientStreamListenerImpl.close(ClientCallImpl.java:689) ~[grpc-core-1.30.2.jar:1.30.2]
	at io.grpc.internal.ClientCallImpl$ClientStreamListenerImpl.access$900(ClientCallImpl.java:577) ~[grpc-core-1.30.2.jar:1.30.2]
	at io.grpc.internal.ClientCallImpl$ClientStreamListenerImpl$1StreamClosed.runInternal(ClientCallImpl.java:751) ~[grpc-core-1.30.2.jar:1.30.2]
	at io.grpc.internal.ClientCallImpl$ClientStreamListenerImpl$1StreamClosed.runInContext(ClientCallImpl.java:740) ~[grpc-core-1.30.2.jar:1.30.2]
	at io.grpc.internal.ContextRunnable.run(ContextRunnable.java:37) ~[grpc-core-1.30.2.jar:1.30.2]
	at io.grpc.internal.SerializingExecutor.run(SerializingExecutor.java:123) ~[grpc-core-1.30.2.jar:1.30.2]
	at java.base/java.util.concurrent.ThreadPoolExecutor.runWorker(ThreadPoolExecutor.java:1128) ~[na:na]
	at java.base/java.util.concurrent.ThreadPoolExecutor$Worker.run(ThreadPoolExecutor.java:628) ~[na:na]
	at java.base/java.lang.Thread.run(Thread.java:834) ~[na:na]
Caused by: io.netty.channel.AbstractChannel$AnnotatedConnectException: finishConnect(..) failed: Connection refused: /0.0.0.0:26500
Caused by: java.net.ConnectException: finishConnect(..) failed: Connection refused
	at io.netty.channel.unix.Errors.throwConnectException(Errors.java:124) ~[netty-transport-native-unix-common-4.1.42.Final.jar:4.1.42.Final]
	at io.netty.channel.unix.Socket.finishConnect(Socket.java:243) ~[netty-transport-native-unix-common-4.1.42.Final.jar:4.1.42.Final]
	at io.netty.channel.epoll.AbstractEpollChannel$AbstractEpollUnsafe.doFinishConnect(AbstractEpollChannel.java:660) ~[netty-transport-native-epoll-4.1.42.Final-linux-x86_64.jar:4.1.42.Final]
	at io.netty.channel.epoll.AbstractEpollChannel$AbstractEpollUnsafe.finishConnect(AbstractEpollChannel.java:637) ~[netty-transport-native-epoll-4.1.42.Final-linux-x86_64.jar:4.1.42.Final]
	at io.netty.channel.epoll.AbstractEpollChannel$AbstractEpollUnsafe.epollOutReady(AbstractEpollChannel.java:524) ~[netty-transport-native-epoll-4.1.42.Final-linux-x86_64.jar:4.1.42.Final]
	at io.netty.channel.epoll.EpollEventLoop.processReady(EpollEventLoop.java:473) ~[netty-transport-native-epoll-4.1.42.Final-linux-x86_64.jar:4.1.42.Final]
	at io.netty.channel.epoll.EpollEventLoop.run(EpollEventLoop.java:383) ~[netty-transport-native-epoll-4.1.42.Final-linux-x86_64.jar:4.1.42.Final]
	at io.netty.util.concurrent.SingleThreadEventExecutor$6.run(SingleThreadEventExecutor.java:1044) ~[netty-common-4.1.42.Final.jar:4.1.42.Final]
	at io.netty.util.internal.ThreadExecutorMap$2.run(ThreadExecutorMap.java:74) ~[netty-common-4.1.42.Final.jar:4.1.42.Final]
	at io.netty.util.concurrent.FastThreadLocalRunnable.run(FastThreadLocalRunnable.java:30) ~[netty-common-4.1.42.Final.jar:4.1.42.Final]
	at java.base/java.lang.Thread.run(Thread.java:834) ~[na:na]

2020-09-15 08:59:52.949  WARN 70 --- [ault-executor-1] io.zeebe.client.job.poller               : Failed to activated jobs for worker cloudevents-router and job type cloudevents

io.grpc.StatusRuntimeException: UNAVAILABLE: io exception
	at io.grpc.Status.asRuntimeException(Status.java:533) ~[grpc-api-1.30.2.jar:1.30.2]
	at io.grpc.stub.ClientCalls$StreamObserverToCallListenerAdapter.onClose(ClientCalls.java:460) ~[grpc-stub-1.30.2.jar:1.30.2]
	at io.grpc.internal.ClientCallImpl.closeObserver(ClientCallImpl.java:426) ~[grpc-core-1.30.2.jar:1.30.2]
	at io.grpc.internal.ClientCallImpl.access$500(ClientCallImpl.java:66) ~[grpc-core-1.30.2.jar:1.30.2]
	at io.grpc.internal.ClientCallImpl$ClientStreamListenerImpl.close(ClientCallImpl.java:689) ~[grpc-core-1.30.2.jar:1.30.2]
	at io.grpc.internal.ClientCallImpl$ClientStreamListenerImpl.access$900(ClientCallImpl.java:577) ~[grpc-core-1.30.2.jar:1.30.2]
	at io.grpc.internal.ClientCallImpl$ClientStreamListenerImpl$1StreamClosed.runInternal(ClientCallImpl.java:751) ~[grpc-core-1.30.2.jar:1.30.2]
	at io.grpc.internal.ClientCallImpl$ClientStreamListenerImpl$1StreamClosed.runInContext(ClientCallImpl.java:740) ~[grpc-core-1.30.2.jar:1.30.2]
	at io.grpc.internal.ContextRunnable.run(ContextRunnable.java:37) ~[grpc-core-1.30.2.jar:1.30.2]
	at io.grpc.internal.SerializingExecutor.run(SerializingExecutor.java:123) ~[grpc-core-1.30.2.jar:1.30.2]
	at java.base/java.util.concurrent.ThreadPoolExecutor.runWorker(ThreadPoolExecutor.java:1128) ~[na:na]
	at java.base/java.util.concurrent.ThreadPoolExecutor$Worker.run(ThreadPoolExecutor.java:628) ~[na:na]
	at java.base/java.lang.Thread.run(Thread.java:834) ~[na:na]
Caused by: io.netty.channel.AbstractChannel$AnnotatedConnectException: finishConnect(..) failed: Connection refused: /0.0.0.0:26500
Caused by: java.net.ConnectException: finishConnect(..) failed: Connection refused
	at io.netty.channel.unix.Errors.throwConnectException(Errors.java:124) ~[netty-transport-native-unix-common-4.1.42.Final.jar:4.1.42.Final]
	at io.netty.channel.unix.Socket.finishConnect(Socket.java:243) ~[netty-transport-native-unix-common-4.1.42.Final.jar:4.1.42.Final]
	at io.netty.channel.epoll.AbstractEpollChannel$AbstractEpollUnsafe.doFinishConnect(AbstractEpollChannel.java:660) ~[netty-transport-native-epoll-4.1.42.Final-linux-x86_64.jar:4.1.42.Final]
	at io.netty.channel.epoll.AbstractEpollChannel$AbstractEpollUnsafe.finishConnect(AbstractEpollChannel.java:637) ~[netty-transport-native-epoll-4.1.42.Final-linux-x86_64.jar:4.1.42.Final]
	at io.netty.channel.epoll.AbstractEpollChannel$AbstractEpollUnsafe.epollOutReady(AbstractEpollChannel.java:524) ~[netty-transport-native-epoll-4.1.42.Final-linux-x86_64.jar:4.1.42.Final]
	at io.netty.channel.epoll.EpollEventLoop.processReady(EpollEventLoop.java:473) ~[netty-transport-native-epoll-4.1.42.Final-linux-x86_64.jar:4.1.42.Final]
	at io.netty.channel.epoll.EpollEventLoop.run(EpollEventLoop.java:383) ~[netty-transport-native-epoll-4.1.42.Final-linux-x86_64.jar:4.1.42.Final]
	at io.netty.util.concurrent.SingleThreadEventExecutor$6.run(SingleThreadEventExecutor.java:1044) ~[netty-common-4.1.42.Final.jar:4.1.42.Final]
	at io.netty.util.internal.ThreadExecutorMap$2.run(ThreadExecutorMap.java:74) ~[netty-common-4.1.42.Final.jar:4.1.42.Final]
	at io.netty.util.concurrent.FastThreadLocalRunnable.run(FastThreadLocalRunnable.java:30) ~[netty-common-4.1.42.Final.jar:4.1.42.Final]
	at java.base/java.lang.Thread.run(Thread.java:834) ~[na:na]

[INFO] Tests run: 1, Failures: 0, Errors: 0, Skipped: 0, Time elapsed: 17.694 s - in io.zeebe.cloud.events.router.ZeebeCloudEventsRouterAppTests
2020-09-15 08:59:53.049  WARN 70 --- [ault-executor-1] io.zeebe.client.job.poller               : Failed to activated jobs for worker cloudevents-router and job type cloudevents

io.grpc.StatusRuntimeException: UNAVAILABLE: io exception
	at io.grpc.Status.asRuntimeException(Status.java:533) ~[grpc-api-1.30.2.jar:1.30.2]
	at io.grpc.stub.ClientCalls$StreamObserverToCallListenerAdapter.onClose(ClientCalls.java:460) ~[grpc-stub-1.30.2.jar:1.30.2]
	at io.grpc.internal.ClientCallImpl.closeObserver(ClientCallImpl.java:426) ~[grpc-core-1.30.2.jar:1.30.2]
	at io.grpc.internal.ClientCallImpl.access$500(ClientCallImpl.java:66) ~[grpc-core-1.30.2.jar:1.30.2]
	at io.grpc.internal.ClientCallImpl$ClientStreamListenerImpl.close(ClientCallImpl.java:689) ~[grpc-core-1.30.2.jar:1.30.2]
	at io.grpc.internal.ClientCallImpl$ClientStreamListenerImpl.access$900(ClientCallImpl.java:577) ~[grpc-core-1.30.2.jar:1.30.2]
	at io.grpc.internal.ClientCallImpl$ClientStreamListenerImpl$1StreamClosed.runInternal(ClientCallImpl.java:751) ~[grpc-core-1.30.2.jar:1.30.2]
	at io.grpc.internal.ClientCallImpl$ClientStreamListenerImpl$1StreamClosed.runInContext(ClientCallImpl.java:740) ~[grpc-core-1.30.2.jar:1.30.2]
	at io.grpc.internal.ContextRunnable.run(ContextRunnable.java:37) ~[grpc-core-1.30.2.jar:1.30.2]
	at io.grpc.internal.SerializingExecutor.run(SerializingExecutor.java:123) ~[grpc-core-1.30.2.jar:1.30.2]
	at java.base/java.util.concurrent.ThreadPoolExecutor.runWorker(ThreadPoolExecutor.java:1128) ~[na:na]
	at java.base/java.util.concurrent.ThreadPoolExecutor$Worker.run(ThreadPoolExecutor.java:628) ~[na:na]
	at java.base/java.lang.Thread.run(Thread.java:834) ~[na:na]
Caused by: io.netty.channel.AbstractChannel$AnnotatedConnectException: finishConnect(..) failed: Connection refused: /0.0.0.0:26500
Caused by: java.net.ConnectException: finishConnect(..) failed: Connection refused
	at io.netty.channel.unix.Errors.throwConnectException(Errors.java:124) ~[netty-transport-native-unix-common-4.1.42.Final.jar:4.1.42.Final]
	at io.netty.channel.unix.Socket.finishConnect(Socket.java:243) ~[netty-transport-native-unix-common-4.1.42.Final.jar:4.1.42.Final]
	at io.netty.channel.epoll.AbstractEpollChannel$AbstractEpollUnsafe.doFinishConnect(AbstractEpollChannel.java:660) ~[netty-transport-native-epoll-4.1.42.Final-linux-x86_64.jar:4.1.42.Final]
	at io.netty.channel.epoll.AbstractEpollChannel$AbstractEpollUnsafe.finishConnect(AbstractEpollChannel.java:637) ~[netty-transport-native-epoll-4.1.42.Final-linux-x86_64.jar:4.1.42.Final]
	at io.netty.channel.epoll.AbstractEpollChannel$AbstractEpollUnsafe.epollOutReady(AbstractEpollChannel.java:524) ~[netty-transport-native-epoll-4.1.42.Final-linux-x86_64.jar:4.1.42.Final]
	at io.netty.channel.epoll.EpollEventLoop.processReady(EpollEventLoop.java:473) ~[netty-transport-native-epoll-4.1.42.Final-linux-x86_64.jar:4.1.42.Final]
	at io.netty.channel.epoll.EpollEventLoop.run(EpollEventLoop.java:383) ~[netty-transport-native-epoll-4.1.42.Final-linux-x86_64.jar:4.1.42.Final]
	at io.netty.util.concurrent.SingleThreadEventExecutor$6.run(SingleThreadEventExecutor.java:1044) ~[netty-common-4.1.42.Final.jar:4.1.42.Final]
	at io.netty.util.internal.ThreadExecutorMap$2.run(ThreadExecutorMap.java:74) ~[netty-common-4.1.42.Final.jar:4.1.42.Final]
	at io.netty.util.concurrent.FastThreadLocalRunnable.run(FastThreadLocalRunnable.java:30) ~[netty-common-4.1.42.Final.jar:4.1.42.Final]
	at java.base/java.lang.Thread.run(Thread.java:834) ~[na:na]

[INFO] 
[INFO] Results:
[INFO] 
[INFO] Tests run: 1, Failures: 0, Errors: 0, Skipped: 0
[INFO] 
[INFO] 
[INFO] --- maven-jar-plugin:3.1.2:jar (default-jar) @ zeebe-cloud-events-router ---
[INFO] Building jar: /workspace/source/target/zeebe-cloud-events-router-0.0.47.jar
[INFO] 
[INFO] --- spring-boot-maven-plugin:2.2.0.RELEASE:repackage (repackage) @ zeebe-cloud-events-router ---
[INFO] Replacing main artifact with repackaged archive
[INFO] 
[INFO] --- maven-install-plugin:2.5.2:install (default-install) @ zeebe-cloud-events-router ---
[INFO] Installing /workspace/source/target/zeebe-cloud-events-router-0.0.47.jar to /home/jenkins/.mvnrepository/com/*******/zeebe/zeebe-cloud-events-router/0.0.47/zeebe-cloud-events-router-0.0.47.jar
[INFO] Installing /workspace/source/pom.xml to /home/jenkins/.mvnrepository/com/*******/zeebe/zeebe-cloud-events-router/0.0.47/zeebe-cloud-events-router-0.0.47.pom
[INFO] 
[INFO] --- maven-deploy-plugin:2.8.2:deploy (default-deploy) @ zeebe-cloud-events-router ---
[INFO] Using alternate deployment repository local-nexus::default::http://nexus/repository/maven-releases/
[INFO] ------------------------------------------------------------------------
[INFO] BUILD SUCCESS
[INFO] ------------------------------------------------------------------------
[INFO] Total time:  01:07 min
[INFO] Finished at: 2020-09-15T09:00:00Z
[INFO] ------------------------------------------------------------------------

Showing logs for build [32mzeebe-io-zeebe-cloud-events-rou-j8f9f-41[0m stage [32mfrom-build-pack[0m and container [32mstep-build-skaffold-version[0m
v1.0.1

Showing logs for build [32mzeebe-io-zeebe-cloud-events-rou-j8f9f-41[0m stage [32mfrom-build-pack[0m and container [32mstep-build-container-build[0m
E0915 09:00:02.702479       9 aws_credentials.go:77] while getting AWS credentials NoCredentialProviders: no valid providers in chain. Deprecated.
	For verbose messaging see aws.Config.CredentialsChainVerboseErrors
[36mINFO[0m[0001] Retrieving image manifest openjdk:11-jre-slim 
E0915 09:00:03.333406       9 metadata.go:154] while reading 'google-dockercfg' metadata: http status code: 404 while fetching url http://metadata.google.internal./computeMetadata/v1/instance/attributes/google-dockercfg
E0915 09:00:03.337821       9 metadata.go:166] while reading 'google-dockercfg-url' metadata: http status code: 404 while fetching url http://metadata.google.internal./computeMetadata/v1/instance/attributes/google-dockercfg-url
[36mINFO[0m[0002] Retrieving image manifest openjdk:11-jre-slim 
[36mINFO[0m[0005] Built cross stage deps: map[]                
[36mINFO[0m[0005] Retrieving image manifest openjdk:11-jre-slim 
[36mINFO[0m[0006] Retrieving image manifest openjdk:11-jre-slim 
[36mINFO[0m[0011] Executing 0 build triggers                   
[36mINFO[0m[0011] cmd: EXPOSE                                  
[36mINFO[0m[0011] Adding exposed port: 8080/tcp                
[36mINFO[0m[0011] Resolving srcs [pom.xml target/lib*]...      
[36mINFO[0m[0011] Checking for cached layer gcr.io/camunda-researchanddevelopment/cache:c54218c4b15fc85f2823579b35421e93fd781556740b1d374907096ce0a9d124... 
[36mINFO[0m[0012] No cached layer found for cmd COPY pom.xml target/lib* /opt/lib/ 
[36mINFO[0m[0012] Resolving srcs [target/*.jar]...             
[36mINFO[0m[0012] Unpacking rootfs as cmd COPY pom.xml target/lib* /opt/lib/ requires it. 
[36mINFO[0m[0022] ENV PORT 8080                                
[36mINFO[0m[0022] No files changed in this command, skipping snapshotting. 
[36mINFO[0m[0022] ENV CLASSPATH /opt/lib                       
[36mINFO[0m[0022] No files changed in this command, skipping snapshotting. 
[36mINFO[0m[0022] EXPOSE 8080                                  
[36mINFO[0m[0022] cmd: EXPOSE                                  
[36mINFO[0m[0022] Adding exposed port: 8080/tcp                
[36mINFO[0m[0022] No files changed in this command, skipping snapshotting. 
[36mINFO[0m[0022] Resolving srcs [pom.xml target/lib*]...      
[36mINFO[0m[0022] COPY pom.xml target/lib* /opt/lib/           
[36mINFO[0m[0022] Resolving srcs [pom.xml target/lib*]...      
[36mINFO[0m[0022] Resolving 1 paths                            
[36mINFO[0m[0022] Taking snapshot of files...                  
[36mINFO[0m[0022] Resolving srcs [target/*.jar]...             
[36mINFO[0m[0022] Pushing layer gcr.io/camunda-researchanddevelopment/cache:c54218c4b15fc85f2823579b35421e93fd781556740b1d374907096ce0a9d124 to cache now 
[36mINFO[0m[0022] COPY target/*.jar /opt/app.jar               
[36mINFO[0m[0022] Resolving srcs [target/*.jar]...             
[36mINFO[0m[0022] Resolving 1 paths                            
[36mINFO[0m[0022] Taking snapshot of files...                  
[36mINFO[0m[0024] Pushing layer gcr.io/camunda-researchanddevelopment/cache:c8fbfc266748f9d116ae0584b74b99ad99df6e40dca8bfd43e174865f8da8e4d to cache now 
[36mINFO[0m[0024] WORKDIR /opt                                 
[36mINFO[0m[0024] cmd: workdir                                 
[36mINFO[0m[0024] Changed working directory to /opt            
[36mINFO[0m[0024] No files changed in this command, skipping snapshotting. 
[36mINFO[0m[0024] CMD ["java", "-jar", "app.jar"]              
[36mINFO[0m[0024] No files changed in this command, skipping snapshotting. 

Showing logs for build [32mzeebe-io-zeebe-cloud-events-rou-j8f9f-41[0m stage [32mfrom-build-pack[0m and container [32mstep-build-post-build[0m
no CVE provider running in the current ** namespace so skip adding image to be analysed

Showing logs for build [32mzeebe-io-zeebe-cloud-events-rou-j8f9f-41[0m stage [32mfrom-build-pack[0m and container [32mstep-promote-changelog[0m
Converted /workspace/source/charts/zeebe-cloud-events-router to an unshallow repository
Generating change log from git ref 6e147e7c0244ed521232be07c184d3ef5cfec38e => ae83034ac48e9bfdc0efa810ab6c77e074f4b4d9
Associating user ******* in users.jenkins.io with email *******@gmail.com to git GitProvider user with login *******-2 as emails match
Adding label jenkins.io/git-github-userid=*******-2 to user ******* in users.jenkins.io
Associating user ******* in users.jenkins.io with email *******@gmail.com to git GitProvider user with login *******-2 as emails match
Adding label jenkins.io/git-github-userid=*******-2 to user ******* in users.jenkins.io
Finding issues in commit messages using git format
WARNING: No release found for zeebe-io/zeebe-cloud-events-router and tag v0.0.47 so creating a new release
Updated the release information at https://github.com/zeebe-io/zeebe-cloud-events-router/releases/tag/v0.0.47
generated: /workspace/source/charts/zeebe-cloud-events-router/templates/release.yaml
Created Release zeebe-cloud-events-router-0-0-47 resource in namespace **
Updating PipelineActivity zeebe-io-zeebe-cloud-events-router-master-41 with version 0.0.47
Updated PipelineActivities zeebe-io-zeebe-cloud-events-router-master-41 with release notes URL: https://github.com/zeebe-io/zeebe-cloud-events-router/releases/tag/v0.0.47

Showing logs for build [32mzeebe-io-zeebe-cloud-events-rou-j8f9f-41[0m stage [32mfrom-build-pack[0m and container [32mstep-promote-helm-release[0m
WARNING: No $CHART_REPOSITORY defined so using the default value of: http://jenkins-x-chartmuseum:8080
Adding missing Helm repo: storage.googleapis.com https://storage.googleapis.com/chartmuseum.jenkins-x.io
Successfully added Helm repository storage.googleapis.com.
Adding missing Helm repo: jenkins-x-chartmuseum http://jenkins-x-chartmuseum:8080
Successfully added Helm repository jenkins-x-chartmuseum.
WARNING: No $CHART_REPOSITORY defined so using the default value of: http://jenkins-x-chartmuseum:8080
Uploading chart file zeebe-cloud-events-router-0.0.47.tgz to http://jenkins-x-chartmuseum:8080/api/charts
Received 201 response: {"saved":true}

Showing logs for build [32mzeebe-io-zeebe-cloud-events-rou-j8f9f-41[0m stage [32mfrom-build-pack[0m and container [32mstep-promote-jx-promote[0m
WARNING: prow based install so skip waiting for the merge of Pull Requests to go green as currently there is an issue with gettingstatuses from the PR, see https://github.com/jenkins-x/**/issues/2410
WARNING: No $CHART_REPOSITORY defined so using the default value of: http://jenkins-x-chartmuseum:8080
Promoting app zeebe-cloud-events-router version 0.0.47 to namespace **-staging
Created Pull Request: https://github.com/*******/environment-zeebe-helm-new-staging/pull/228
Added label updatebot to Pull Request https://github.com/*******/environment-zeebe-helm-new-staging/pull/228
got git provider status pending from PR https://github.com/*******/environment-zeebe-helm-new-staging/pull/228
got git provider status pending from PR https://github.com/*******/environment-zeebe-helm-new-staging/pull/228
got git provider status pending from PR https://github.com/*******/environment-zeebe-helm-new-staging/pull/228
Pull Request https://github.com/*******/environment-zeebe-helm-new-staging/pull/228 is merged at sha b9071f531009e1340d6eca8e6c446a58763b6eae
Pull Request merged but we are not waiting for the update pipeline to complete!
